-------------------------------------------------------------------------------
Test set: steps.TestRunner
-------------------------------------------------------------------------------
Tests run: 1, Failures: 1, Errors: 0, Skipped: 0, Time elapsed: 15.98 s <<< FAILURE! -- in steps.TestRunner
Google Search.Search with keyword -- Time elapsed: 15.76 s <<< FAILURE!
java.lang.AssertionError
	at org.junit.Assert.fail(Assert.java:87)
	at org.junit.Assert.assertTrue(Assert.java:42)
	at org.junit.Assert.assertTrue(Assert.java:53)
	at steps.StepDefinitions.the_title_should_contain(StepDefinitions.java:28)
	at âœ½.the title should contain "Selenium WebDriver"(file:///Users/justinchen/Desktop/fleexspace-selenium/fleexspace-selenium/src/test/resources/features/fmp_senerio.feature:6)

